Using pre-set license
Built from '2020.3/staging' branch; Version is '2020.3.21f1 (a38c86f6690f) revision 10718342'; Using compiler version '192528614'; Build Type 'Release'
OS: 'Windows 10 Home Single Language; OS build 19044.1387; Version 2009; 64bit' Language: 'es' Physical Memory: 8084 MB
BatchMode: 1, IsHumanControllingUs: 0, StartBugReporterOnCrash: 0, Is64bit: 1, IsPro: 0

COMMAND LINE ARGUMENTS:
C:\Program Files\Unity\Hub\Editor\2020.3.21f1\Editor\Unity.exe
-adb2
-batchMode
-noUpm
-name
AssetImportWorker0
-projectPath
C:/Users/carlo/Documents/GitHub/Urban-Mobility-Simulation-in-Mexico/Reto
-logFile
Logs/AssetImportWorker0.log
-srvPort
52330
Successfully changed project path to: C:/Users/carlo/Documents/GitHub/Urban-Mobility-Simulation-in-Mexico/Reto
C:/Users/carlo/Documents/GitHub/Urban-Mobility-Simulation-in-Mexico/Reto
Using Asset Import Pipeline V2.
Refreshing native plugins compatible for Editor in 44.39 ms, found 2 plugins.
Preloading 0 native plugins for Editor in 0.00 ms.
Initialize engine version: 2020.3.21f1 (a38c86f6690f)
[Subsystems] Discovering subsystems at path C:/Program Files/Unity/Hub/Editor/2020.3.21f1/Editor/Data/Resources/UnitySubsystems
[Subsystems] Discovering subsystems at path C:/Users/carlo/Documents/GitHub/Urban-Mobility-Simulation-in-Mexico/Reto/Assets
GfxDevice: creating device client; threaded=0
Direct3D:
    Version:  Direct3D 11.0 [level 11.1]
    Renderer: NVIDIA GeForce GTX 1050 (ID=0x1c8d)
    Vendor:   
    VRAM:     1979 MB
    Driver:   30.0.14.9676
Initialize mono
Mono path[0] = 'C:/Program Files/Unity/Hub/Editor/2020.3.21f1/Editor/Data/Managed'
Mono path[1] = 'C:/Program Files/Unity/Hub/Editor/2020.3.21f1/Editor/Data/MonoBleedingEdge/lib/mono/unityjit'
Mono config path = 'C:/Program Files/Unity/Hub/Editor/2020.3.21f1/Editor/Data/MonoBleedingEdge/etc'
Using monoOptions --debugger-agent=transport=dt_socket,embedding=1,server=y,suspend=n,address=127.0.0.1:56496
Begin MonoManager ReloadAssembly
Registering precompiled unity dll's ...
Register platform support module: C:/Program Files/Unity/Hub/Editor/2020.3.21f1/Editor/Data/PlaybackEngines/WindowsStandaloneSupport/UnityEditor.WindowsStandalone.Extensions.dll
Registered in 0.002905 seconds.
Native extension for WindowsStandalone target not found
Refreshing native plugins compatible for Editor in 41.48 ms, found 2 plugins.
Preloading 0 native plugins for Editor in 0.00 ms.
Mono: successfully reloaded assembly
- Completed reload, in  1.493 seconds
Domain Reload Profiling:
	ReloadAssembly (1494ms)
		BeginReloadAssembly (83ms)
			ExecutionOrderSort (0ms)
			DisableScriptedObjects (0ms)
			BackupInstance (0ms)
			ReleaseScriptingObjects (0ms)
			CreateAndSetChildDomain (1ms)
		EndReloadAssembly (589ms)
			LoadAssemblies (79ms)
			RebuildTransferFunctionScriptingTraits (0ms)
			SetupTypeCache (204ms)
			ReleaseScriptCaches (0ms)
			RebuildScriptCaches (39ms)
			SetupLoadedEditorAssemblies (218ms)
				LogAssemblyErrors (0ms)
				InitializePlatformSupportModulesInManaged (5ms)
				SetLoadedEditorAssemblies (1ms)
				RefreshPlugins (42ms)
				BeforeProcessingInitializeOnLoad (23ms)
				ProcessInitializeOnLoadAttributes (110ms)
				ProcessInitializeOnLoadMethodAttributes (38ms)
				AfterProcessingInitializeOnLoad (0ms)
				EditorAssembliesLoaded (0ms)
			ExecutionOrderSort2 (0ms)
			AwakeInstancesAfterBackupRestoration (0ms)
Platform modules already initialized, skipping
Registering precompiled user dll's ...
Registered in 0.006323 seconds.
Begin MonoManager ReloadAssembly
Native extension for WindowsStandalone target not found
Refreshing native plugins compatible for Editor in 0.45 ms, found 2 plugins.
Preloading 0 native plugins for Editor in 0.00 ms.
Mono: successfully reloaded assembly
- Completed reload, in  1.383 seconds
Domain Reload Profiling:
	ReloadAssembly (1384ms)
		BeginReloadAssembly (188ms)
			ExecutionOrderSort (0ms)
			DisableScriptedObjects (6ms)
			BackupInstance (0ms)
			ReleaseScriptingObjects (0ms)
			CreateAndSetChildDomain (28ms)
		EndReloadAssembly (1109ms)
			LoadAssemblies (115ms)
			RebuildTransferFunctionScriptingTraits (0ms)
			SetupTypeCache (412ms)
			ReleaseScriptCaches (0ms)
			RebuildScriptCaches (52ms)
			SetupLoadedEditorAssemblies (406ms)
				LogAssemblyErrors (0ms)
				InitializePlatformSupportModulesInManaged (7ms)
				SetLoadedEditorAssemblies (1ms)
				RefreshPlugins (1ms)
				BeforeProcessingInitializeOnLoad (103ms)
				ProcessInitializeOnLoadAttributes (273ms)
				ProcessInitializeOnLoadMethodAttributes (12ms)
				AfterProcessingInitializeOnLoad (9ms)
				EditorAssembliesLoaded (0ms)
			ExecutionOrderSort2 (0ms)
			AwakeInstancesAfterBackupRestoration (9ms)
Platform modules already initialized, skipping
========================================================================
Worker process is ready to serve import requests
Launched and connected shader compiler UnityShaderCompiler.exe after 0.11 seconds
Refreshing native plugins compatible for Editor in 0.48 ms, found 2 plugins.
Preloading 0 native plugins for Editor in 0.00 ms.
Unloading 1489 Unused Serialized files (Serialized files now loaded: 0)
System memory in use before: 68.4 MB.
System memory in use after: 68.4 MB.

Unloading 19 unused Assets to reduce memory usage. Loaded Objects now: 1921.
Total: 3.728000 ms (FindLiveObjects: 0.201600 ms CreateObjectMapping: 0.074900 ms MarkObjects: 3.354600 ms  DeleteObjects: 0.095400 ms)

AssetImportParameters requested are different than current active one (requested -> active):
  custom:framework-win-MediaFoundation: 216162199b28c13a410421893ffa2e32 -> 
  custom:video-decoder-ogg-theora: a1e56fd34408186e4bbccfd4996cb3dc -> 
  custom:container-muxer-webm: aa71ff27fc2769a1b78a27578f13a17b -> 
  custom:container-demuxer-webm: 4f35f7cbe854078d1ac9338744f61a02 -> 
  custom:container-demuxer-ogg: 62fdf1f143b41e24485cea50d1cbac27 -> 
  custom:video-encoder-webm-vp8: eb34c28f22e8b96e1ab97ce403110664 -> 
  custom:video-decoder-webm-vp8: 9c59270c3fd7afecdb556c50c9e8de78 -> 
  custom:audio-decoder-ogg-vorbis: bf7c407c2cedff20999df2af8eb42d56 -> 
  custom:audio-encoder-webm-vorbis: bf7c407c2cedff20999df2af8eb42d56 -> 
========================================================================
Received Import Request.
  path: Assets/Traffic Lights/Textures/emit.png
  artifactKey: Guid(86b18d9b4ae36a9429307ac5ad15310a) Importer(815301076,1909f56bfc062723c751e8b465ee728b)
Start importing Assets/Traffic Lights/Textures/emit.png using Guid(86b18d9b4ae36a9429307ac5ad15310a) Importer(815301076,1909f56bfc062723c751e8b465ee728b)  -> (artifact id: '3dbc396864e0212584350a9a6f04d96a') in 0.093295 seconds 
  Import took 0.096271 seconds .

========================================================================
Received Import Request.
  Time since last request: 0.000281 seconds.
  path: Assets/Traffic Lights/Textures/Tarbo_CITY_Texture.png
  artifactKey: Guid(e33e8ed52134e9d4894b4b8d46fe3188) Importer(815301076,1909f56bfc062723c751e8b465ee728b)
Start importing Assets/Traffic Lights/Textures/Tarbo_CITY_Texture.png using Guid(e33e8ed52134e9d4894b4b8d46fe3188) Importer(815301076,1909f56bfc062723c751e8b465ee728b)  -> (artifact id: '84312c050aea6957fbab627a19c61cec') in 0.032665 seconds 
  Import took 0.037396 seconds .

========================================================================
Received Import Request.
  Time since last request: 0.000396 seconds.
  path: Assets/Traffic Lights/Textures
  artifactKey: Guid(ee87a74ee2e5c4044a59f92192366173) Importer(815301076,1909f56bfc062723c751e8b465ee728b)
Start importing Assets/Traffic Lights/Textures using Guid(ee87a74ee2e5c4044a59f92192366173) Importer(815301076,1909f56bfc062723c751e8b465ee728b)  -> (artifact id: '44ebdc0bfbc6630f11f6987f94a3c595') in 0.010438 seconds 
  Import took 0.017245 seconds .

========================================================================
Received Import Request.
  Time since last request: 1.202821 seconds.
  path: Assets/Traffic Lights/Materials/Floor.mat
  artifactKey: Guid(5fd138741043b5a418c7869735a2c88c) Importer(815301076,1909f56bfc062723c751e8b465ee728b)
Start importing Assets/Traffic Lights/Materials/Floor.mat using Guid(5fd138741043b5a418c7869735a2c88c) Importer(815301076,1909f56bfc062723c751e8b465ee728b)  -> (artifact id: 'e87c9ceb32f288cc6b041d8ca572041d') in 0.103555 seconds 
  Import took 0.107602 seconds .

========================================================================
Received Import Request.
  Time since last request: 0.000352 seconds.
  path: Assets/Traffic Lights/Materials/Tarbo_CITY.mat
  artifactKey: Guid(7846323804921cb429fa82552991a231) Importer(815301076,1909f56bfc062723c751e8b465ee728b)
Start importing Assets/Traffic Lights/Materials/Tarbo_CITY.mat using Guid(7846323804921cb429fa82552991a231) Importer(815301076,1909f56bfc062723c751e8b465ee728b)  -> (artifact id: '07064e56f6fbe77a0f1e4bb368156499') in 0.190739 seconds 
  Import took 0.194051 seconds .

========================================================================
Received Import Request.
  Time since last request: 25.885504 seconds.
  path: Assets/Traffic Lights/Meshes/TB_CITY_Prop_TrafficLight_4_Black.FBX
  artifactKey: Guid(9efb295787d77544a8937ea2d2ecc1ec) Importer(815301076,1909f56bfc062723c751e8b465ee728b)
Start importing Assets/Traffic Lights/Meshes/TB_CITY_Prop_TrafficLight_4_Black.FBX using Guid(9efb295787d77544a8937ea2d2ecc1ec) Importer(815301076,1909f56bfc062723c751e8b465ee728b)  -> (artifact id: 'd04c52818ee874d17dd5a92931674305') in 0.160094 seconds 
  Import took 0.164886 seconds .

========================================================================
Received Import Request.
  Time since last request: 0.000253 seconds.
  path: Assets/Traffic Lights/Meshes/TB_CITY_Prop_TrafficLight_A_Black.FBX
  artifactKey: Guid(e05e20f043eca2f48b9c4e8e42a2ecf8) Importer(815301076,1909f56bfc062723c751e8b465ee728b)
Start importing Assets/Traffic Lights/Meshes/TB_CITY_Prop_TrafficLight_A_Black.FBX using Guid(e05e20f043eca2f48b9c4e8e42a2ecf8) Importer(815301076,1909f56bfc062723c751e8b465ee728b)  -> (artifact id: '7d0da056f2dae25a1cbed8ee1060d965') in 0.045561 seconds 
  Import took 0.050430 seconds .

========================================================================
Received Import Request.
  Time since last request: 0.000312 seconds.
  path: Assets/Traffic Lights/Meshes/TB_CITY_Prop_TrafficLight_4Set_Yellow.FBX
  artifactKey: Guid(562a672c760337a45a412c06df031197) Importer(815301076,1909f56bfc062723c751e8b465ee728b)
Start importing Assets/Traffic Lights/Meshes/TB_CITY_Prop_TrafficLight_4Set_Yellow.FBX using Guid(562a672c760337a45a412c06df031197) Importer(815301076,1909f56bfc062723c751e8b465ee728b)  -> (artifact id: '1b3295efc6e102cad3ee4623379a424b') in 0.054202 seconds 
  Import took 0.057428 seconds .

========================================================================
Received Import Request.
  Time since last request: 0.000249 seconds.
  path: Assets/Traffic Lights/Meshes/TB_CITY_Prop_TrafficLight_4_Yellow.FBX
  artifactKey: Guid(5eaf8fa1624f47d49a80ca79919a02ad) Importer(815301076,1909f56bfc062723c751e8b465ee728b)
Start importing Assets/Traffic Lights/Meshes/TB_CITY_Prop_TrafficLight_4_Yellow.FBX using Guid(5eaf8fa1624f47d49a80ca79919a02ad) Importer(815301076,1909f56bfc062723c751e8b465ee728b)  -> (artifact id: '51964baa4b32bb3d124f9dfc297e5f49') in 0.058120 seconds 
  Import took 0.064018 seconds .

========================================================================
Received Import Request.
  Time since last request: 0.000300 seconds.
  path: Assets/Traffic Lights/Meshes/TB_CITY_Prop_TrafficLight_4Set_Green.FBX
  artifactKey: Guid(f7ccb89f0f7df274085bad061afe7981) Importer(815301076,1909f56bfc062723c751e8b465ee728b)
Start importing Assets/Traffic Lights/Meshes/TB_CITY_Prop_TrafficLight_4Set_Green.FBX using Guid(f7ccb89f0f7df274085bad061afe7981) Importer(815301076,1909f56bfc062723c751e8b465ee728b)  -> (artifact id: '374c65e330f634441c968014ce9f3f37') in 0.046581 seconds 
  Import took 0.056975 seconds .

========================================================================
Received Import Request.
  Time since last request: 0.000464 seconds.
  path: Assets/Traffic Lights/Meshes/TB_CITY_Prop_TrafficLight_A_Green.FBX
  artifactKey: Guid(461787c622cc92c46b76683cfb427ca8) Importer(815301076,1909f56bfc062723c751e8b465ee728b)
Start importing Assets/Traffic Lights/Meshes/TB_CITY_Prop_TrafficLight_A_Green.FBX using Guid(461787c622cc92c46b76683cfb427ca8) Importer(815301076,1909f56bfc062723c751e8b465ee728b)  -> (artifact id: '2e6f6a9fe418dfbf42d8eb949eee803f') in 0.065463 seconds 
  Import took 0.071441 seconds .

========================================================================
Received Import Request.
  Time since last request: 0.000297 seconds.
  path: Assets/Traffic Lights/Meshes/TB_CITY_Prop_TrafficLight_4Set_Black.FBX
  artifactKey: Guid(b4fcf8538076eb74c9b0120bc54b58c0) Importer(815301076,1909f56bfc062723c751e8b465ee728b)
Start importing Assets/Traffic Lights/Meshes/TB_CITY_Prop_TrafficLight_4Set_Black.FBX using Guid(b4fcf8538076eb74c9b0120bc54b58c0) Importer(815301076,1909f56bfc062723c751e8b465ee728b)  -> (artifact id: '98559277e7053075c0780ba86409391e') in 0.084815 seconds 
  Import took 0.090483 seconds .

========================================================================
Received Import Request.
  Time since last request: 0.000262 seconds.
  path: Assets/Traffic Lights/Meshes/TB_CITY_Prop_TrafficLight_4_white.FBX
  artifactKey: Guid(d7b6dfda273f0234496e3d6cdbbe4927) Importer(815301076,1909f56bfc062723c751e8b465ee728b)
Start importing Assets/Traffic Lights/Meshes/TB_CITY_Prop_TrafficLight_4_white.FBX using Guid(d7b6dfda273f0234496e3d6cdbbe4927) Importer(815301076,1909f56bfc062723c751e8b465ee728b)  -> (artifact id: 'dfd8970e6b5124183c9cb47232a07725') in 0.038082 seconds 
  Import took 0.042643 seconds .

========================================================================
Received Import Request.
  Time since last request: 0.000415 seconds.
  path: Assets/Traffic Lights/Meshes/TB_CITY_Prop_TrafficLight_A_Whtie.FBX
  artifactKey: Guid(d1dbdee4f256f3a42bd503d6c624977d) Importer(815301076,1909f56bfc062723c751e8b465ee728b)
Start importing Assets/Traffic Lights/Meshes/TB_CITY_Prop_TrafficLight_A_Whtie.FBX using Guid(d1dbdee4f256f3a42bd503d6c624977d) Importer(815301076,1909f56bfc062723c751e8b465ee728b)  -> (artifact id: '2dbaf57c939ddcabe8190e0354dd34fc') in 0.046629 seconds 
  Import took 0.051587 seconds .

========================================================================
Received Import Request.
  Time since last request: 0.000224 seconds.
  path: Assets/Traffic Lights/Meshes/TB_CITY_Prop_TrafficLight_A_Yellow.FBX
  artifactKey: Guid(a0f4891a3a0c44c4f9c606fb2fd8a206) Importer(815301076,1909f56bfc062723c751e8b465ee728b)
Start importing Assets/Traffic Lights/Meshes/TB_CITY_Prop_TrafficLight_A_Yellow.FBX using Guid(a0f4891a3a0c44c4f9c606fb2fd8a206) Importer(815301076,1909f56bfc062723c751e8b465ee728b)  -> (artifact id: '7a2a0c89dcf5d71b3bf27994d3da9838') in 0.039601 seconds 
  Import took 0.043724 seconds .

========================================================================
Received Import Request.
  Time since last request: 0.000212 seconds.
  path: Assets/Traffic Lights/Meshes/TB_CITY_Prop_TrafficLight_4_Green.FBX
  artifactKey: Guid(ad51b4616bb54234ca0f78417b251022) Importer(815301076,1909f56bfc062723c751e8b465ee728b)
Start importing Assets/Traffic Lights/Meshes/TB_CITY_Prop_TrafficLight_4_Green.FBX using Guid(ad51b4616bb54234ca0f78417b251022) Importer(815301076,1909f56bfc062723c751e8b465ee728b)  -> (artifact id: '0491e4eb3f5dbfb37468c4aaa884806c') in 0.036924 seconds 
  Import took 0.040227 seconds .

========================================================================
Received Import Request.
  Time since last request: 0.000222 seconds.
  path: Assets/Traffic Lights/Meshes/TB_CITY_Prop_TrafficLight_4Set_White.FBX
  artifactKey: Guid(7186b076798c1fb42a5410afeb599166) Importer(815301076,1909f56bfc062723c751e8b465ee728b)
Start importing Assets/Traffic Lights/Meshes/TB_CITY_Prop_TrafficLight_4Set_White.FBX using Guid(7186b076798c1fb42a5410afeb599166) Importer(815301076,1909f56bfc062723c751e8b465ee728b)  -> (artifact id: 'beba528d52e293de62eec0810a0b4e2b') in 0.046091 seconds 
  Import took 0.050288 seconds .

========================================================================
Received Import Request.
  Time since last request: 5.813354 seconds.
  path: Assets/Traffic Lights/Prefabs/Props/Road
  artifactKey: Guid(d525097032824e24f90f71ea7de24fb2) Importer(815301076,1909f56bfc062723c751e8b465ee728b)
Start importing Assets/Traffic Lights/Prefabs/Props/Road using Guid(d525097032824e24f90f71ea7de24fb2) Importer(815301076,1909f56bfc062723c751e8b465ee728b)  -> (artifact id: 'f15f665afc5c5c4234e6708505f78685') in 0.015826 seconds 
  Import took 0.019952 seconds .

========================================================================
Received Import Request.
  Time since last request: 0.469925 seconds.
  path: Assets/Traffic Lights/Prefabs/Props/Road/TB_CITY_Prop_TrafficLight_4_Black.prefab
  artifactKey: Guid(4270f2a69da41c04f9d1bb111e805c6a) Importer(815301076,1909f56bfc062723c751e8b465ee728b)
Start importing Assets/Traffic Lights/Prefabs/Props/Road/TB_CITY_Prop_TrafficLight_4_Black.prefab using Guid(4270f2a69da41c04f9d1bb111e805c6a) Importer(815301076,1909f56bfc062723c751e8b465ee728b)  -> (artifact id: '7d1d80978a6f8d07bb595a73ca5b009c') in 0.026207 seconds 
  Import took 0.030850 seconds .

========================================================================
Received Import Request.
  Time since last request: 0.000344 seconds.
  path: Assets/Traffic Lights/Prefabs/Props/Road/TB_CITY_Prop_TrafficLight_A_Green.prefab
  artifactKey: Guid(b7c57068961755c498f5f15f0ce6fc87) Importer(815301076,1909f56bfc062723c751e8b465ee728b)
Start importing Assets/Traffic Lights/Prefabs/Props/Road/TB_CITY_Prop_TrafficLight_A_Green.prefab using Guid(b7c57068961755c498f5f15f0ce6fc87) Importer(815301076,1909f56bfc062723c751e8b465ee728b)  -> (artifact id: '93c2f5e77edfe0a57a915ef1ff55b857') in 0.030389 seconds 
  Import took 0.035478 seconds .

========================================================================
Received Import Request.
  Time since last request: 0.000424 seconds.
  path: Assets/Traffic Lights/Prefabs/Props/Road/TB_CITY_Prop_TrafficLight_4_White.prefab
  artifactKey: Guid(2d6add7df6bf8e44bb2fe494a7653cd8) Importer(815301076,1909f56bfc062723c751e8b465ee728b)
Start importing Assets/Traffic Lights/Prefabs/Props/Road/TB_CITY_Prop_TrafficLight_4_White.prefab using Guid(2d6add7df6bf8e44bb2fe494a7653cd8) Importer(815301076,1909f56bfc062723c751e8b465ee728b)  -> (artifact id: '434d0fa59e70ad679202ea3ea282fca5') in 0.031431 seconds 
  Import took 0.037690 seconds .

========================================================================
Received Import Request.
  Time since last request: 0.000569 seconds.
  path: Assets/Traffic Lights/Prefabs/Props/Road/TB_CITY_Prop_TrafficLight_4Set_Black.prefab
  artifactKey: Guid(967db41cbc4a3c24eb1e31617647bf32) Importer(815301076,1909f56bfc062723c751e8b465ee728b)
Start importing Assets/Traffic Lights/Prefabs/Props/Road/TB_CITY_Prop_TrafficLight_4Set_Black.prefab using Guid(967db41cbc4a3c24eb1e31617647bf32) Importer(815301076,1909f56bfc062723c751e8b465ee728b)  -> (artifact id: '5b62d1d4b660ce65240a42e255e4ac28') in 0.028275 seconds 
  Import took 0.035442 seconds .

========================================================================
Received Import Request.
  Time since last request: 0.000544 seconds.
  path: Assets/Traffic Lights/Prefabs/Props/Road/TB_CITY_Prop_TrafficLight_4Set_Yellow.prefab
  artifactKey: Guid(8f845198ed09c3c4bac1cbc4fce5e435) Importer(815301076,1909f56bfc062723c751e8b465ee728b)
Start importing Assets/Traffic Lights/Prefabs/Props/Road/TB_CITY_Prop_TrafficLight_4Set_Yellow.prefab using Guid(8f845198ed09c3c4bac1cbc4fce5e435) Importer(815301076,1909f56bfc062723c751e8b465ee728b)  -> (artifact id: '0e24f1453d91dabf10c3a81d3c6f6a4d') in 0.030874 seconds 
  Import took 0.034205 seconds .

========================================================================
Received Import Request.
  Time since last request: 0.000232 seconds.
  path: Assets/Traffic Lights/Prefabs/Props/Road/TB_CITY_Prop_TrafficLight_A_Yellow.prefab
  artifactKey: Guid(57fb76bdd2c93e54d93dbe1ed0847ce8) Importer(815301076,1909f56bfc062723c751e8b465ee728b)
Start importing Assets/Traffic Lights/Prefabs/Props/Road/TB_CITY_Prop_TrafficLight_A_Yellow.prefab using Guid(57fb76bdd2c93e54d93dbe1ed0847ce8) Importer(815301076,1909f56bfc062723c751e8b465ee728b)  -> (artifact id: '5380bbe53649972d9178b827c75c7eb8') in 0.026836 seconds 
  Import took 0.033569 seconds .

========================================================================
Received Import Request.
  Time since last request: 0.000391 seconds.
  path: Assets/Traffic Lights/Prefabs/Props/Road/TB_CITY_Prop_TrafficLight_4_Green.prefab
  artifactKey: Guid(593a5e824ef786145bd29dc420e1ff1f) Importer(815301076,1909f56bfc062723c751e8b465ee728b)
Start importing Assets/Traffic Lights/Prefabs/Props/Road/TB_CITY_Prop_TrafficLight_4_Green.prefab using Guid(593a5e824ef786145bd29dc420e1ff1f) Importer(815301076,1909f56bfc062723c751e8b465ee728b)  -> (artifact id: '99f49e2f20dac78164e9af448c9d57d3') in 0.027245 seconds 
  Import took 0.034536 seconds .

========================================================================
Received Import Request.
  Time since last request: 0.000424 seconds.
  path: Assets/Traffic Lights/Prefabs/Props/Road/TB_CITY_Prop_TrafficLight_A_Black.prefab
  artifactKey: Guid(682f8b1e793d91f43b2ec051e8fd4f3a) Importer(815301076,1909f56bfc062723c751e8b465ee728b)
Start importing Assets/Traffic Lights/Prefabs/Props/Road/TB_CITY_Prop_TrafficLight_A_Black.prefab using Guid(682f8b1e793d91f43b2ec051e8fd4f3a) Importer(815301076,1909f56bfc062723c751e8b465ee728b)  -> (artifact id: 'd85b3bdaf42ade66a24c213ba86110f7') in 0.028071 seconds 
  Import took 0.032451 seconds .

========================================================================
Received Import Request.
  Time since last request: 0.000399 seconds.
  path: Assets/Traffic Lights/Prefabs/Props/Road/TB_CITY_Prop_TrafficLight_A_White.prefab
  artifactKey: Guid(1784f1ee57872f34fba1ed9e509053e0) Importer(815301076,1909f56bfc062723c751e8b465ee728b)
Start importing Assets/Traffic Lights/Prefabs/Props/Road/TB_CITY_Prop_TrafficLight_A_White.prefab using Guid(1784f1ee57872f34fba1ed9e509053e0) Importer(815301076,1909f56bfc062723c751e8b465ee728b)  -> (artifact id: 'b2c88fa6538ea25d86f92913991015e1') in 0.030635 seconds 
  Import took 0.037367 seconds .

========================================================================
Received Import Request.
  Time since last request: 0.000236 seconds.
  path: Assets/Traffic Lights/Prefabs/Props/Road/TB_CITY_Prop_TrafficLight_B_Black.prefab
  artifactKey: Guid(a5faf4711ef4cef489a20f0ef5c5e8f3) Importer(815301076,1909f56bfc062723c751e8b465ee728b)
Start importing Assets/Traffic Lights/Prefabs/Props/Road/TB_CITY_Prop_TrafficLight_B_Black.prefab using Guid(a5faf4711ef4cef489a20f0ef5c5e8f3) Importer(815301076,1909f56bfc062723c751e8b465ee728b)  -> (artifact id: 'e456700afd01d4406cca73093b719af7') in 0.033120 seconds 
  Import took 0.041441 seconds .

========================================================================
Received Import Request.
  Time since last request: 0.000216 seconds.
  path: Assets/Traffic Lights/Prefabs/Props/Road/TB_CITY_Prop_TrafficLight_4Set_White.prefab
  artifactKey: Guid(fe4b5c3076c71e442af97fe15b069b7e) Importer(815301076,1909f56bfc062723c751e8b465ee728b)
Start importing Assets/Traffic Lights/Prefabs/Props/Road/TB_CITY_Prop_TrafficLight_4Set_White.prefab using Guid(fe4b5c3076c71e442af97fe15b069b7e) Importer(815301076,1909f56bfc062723c751e8b465ee728b)  -> (artifact id: 'fe97e694541f99762e0ac051dad0fac1') in 0.024624 seconds 
  Import took 0.030308 seconds .

========================================================================
Received Import Request.
  Time since last request: 0.000288 seconds.
  path: Assets/Traffic Lights/Prefabs/Props/Road/TB_CITY_Prop_TrafficLight_4Set_Green.prefab
  artifactKey: Guid(43811916c3a68664fb20a7a6928f7442) Importer(815301076,1909f56bfc062723c751e8b465ee728b)
Start importing Assets/Traffic Lights/Prefabs/Props/Road/TB_CITY_Prop_TrafficLight_4Set_Green.prefab using Guid(43811916c3a68664fb20a7a6928f7442) Importer(815301076,1909f56bfc062723c751e8b465ee728b)  -> (artifact id: '7ec4d9972d25a66d7d4a935d6d0b82c3') in 0.024495 seconds 
  Import took 0.030198 seconds .

========================================================================
Received Import Request.
  Time since last request: 0.000226 seconds.
  path: Assets/Traffic Lights/Prefabs/Props/Road/TB_CITY_Prop_TrafficLight_4_Yellow.prefab
  artifactKey: Guid(d35163183e7953f4ea576a1593d4a894) Importer(815301076,1909f56bfc062723c751e8b465ee728b)
Start importing Assets/Traffic Lights/Prefabs/Props/Road/TB_CITY_Prop_TrafficLight_4_Yellow.prefab using Guid(d35163183e7953f4ea576a1593d4a894) Importer(815301076,1909f56bfc062723c751e8b465ee728b)  -> (artifact id: '4b4df3b60c30cbf46f8f2d13cf5ac03d') in 0.028843 seconds 
  Import took 0.034810 seconds .

========================================================================
Received Import Request.
  Time since last request: 3.764797 seconds.
  path: Assets/Traffic Lights/Prefabs/Props/Road/TB_CITY_Prop_TrafficLight_B_Green.prefab
  artifactKey: Guid(c227da9241072dd4fb78210df9553677) Importer(815301076,1909f56bfc062723c751e8b465ee728b)
Start importing Assets/Traffic Lights/Prefabs/Props/Road/TB_CITY_Prop_TrafficLight_B_Green.prefab using Guid(c227da9241072dd4fb78210df9553677) Importer(815301076,1909f56bfc062723c751e8b465ee728b)  -> (artifact id: '886acc2708fd51f842e2e9ad7b1bd63e') in 0.018176 seconds 
  Import took 0.024261 seconds .

========================================================================
Received Import Request.
  Time since last request: 0.000282 seconds.
  path: Assets/Traffic Lights/Prefabs/Props/Road/TB_CITY_Prop_TrafficLight_B_White.prefab
  artifactKey: Guid(0b059522cff844f419f1c035f72b495f) Importer(815301076,1909f56bfc062723c751e8b465ee728b)
Start importing Assets/Traffic Lights/Prefabs/Props/Road/TB_CITY_Prop_TrafficLight_B_White.prefab using Guid(0b059522cff844f419f1c035f72b495f) Importer(815301076,1909f56bfc062723c751e8b465ee728b)  -> (artifact id: '43261879433f3fa63fcfa5f2e033601f') in 0.060595 seconds 
  Import took 0.064733 seconds .

========================================================================
Received Import Request.
  Time since last request: 0.000240 seconds.
  path: Assets/Traffic Lights/Prefabs/Props/Road/TB_CITY_Prop_TrafficLight_B_Yellow.prefab
  artifactKey: Guid(bb5be0490bf0b1e4b9cd260f2887fc3f) Importer(815301076,1909f56bfc062723c751e8b465ee728b)
Start importing Assets/Traffic Lights/Prefabs/Props/Road/TB_CITY_Prop_TrafficLight_B_Yellow.prefab using Guid(bb5be0490bf0b1e4b9cd260f2887fc3f) Importer(815301076,1909f56bfc062723c751e8b465ee728b)  -> (artifact id: '3173fec14d9359d802ff529e85d5dacc') in 0.051915 seconds 
  Import took 0.060190 seconds .

========================================================================
Received Import Request.
  Time since last request: 23.339850 seconds.
  path: Assets/Traffic Lights/Prefabs/Props/Road/TB_CITY_Prop_TrafficLight_Base_I_A.prefab
  artifactKey: Guid(d01359581b30d274798a2908a7b0b1ac) Importer(815301076,1909f56bfc062723c751e8b465ee728b)
Start importing Assets/Traffic Lights/Prefabs/Props/Road/TB_CITY_Prop_TrafficLight_Base_I_A.prefab using Guid(d01359581b30d274798a2908a7b0b1ac) Importer(815301076,1909f56bfc062723c751e8b465ee728b)  -> (artifact id: '5a574887d504367791d868a5c04fdae2') in 0.023395 seconds 
  Import took 0.031572 seconds .

========================================================================
Received Import Request.
  Time since last request: 0.000491 seconds.
  path: Assets/Traffic Lights/Prefabs/Props/Road/TB_CITY_Prop_TrafficLight_Base_I_B.prefab
  artifactKey: Guid(0fdaa51f7c203e64cba6c5500b58460d) Importer(815301076,1909f56bfc062723c751e8b465ee728b)
Start importing Assets/Traffic Lights/Prefabs/Props/Road/TB_CITY_Prop_TrafficLight_Base_I_B.prefab using Guid(0fdaa51f7c203e64cba6c5500b58460d) Importer(815301076,1909f56bfc062723c751e8b465ee728b)  -> (artifact id: '75fdb7724bb5e1473316fe8464332930') in 0.041247 seconds 
  Import took 0.048806 seconds .

========================================================================
Received Import Request.
  Time since last request: 0.000346 seconds.
  path: Assets/Traffic Lights/Prefabs/Props/Road/TB_CITY_Prop_TrafficLight_Base_T_A.prefab
  artifactKey: Guid(8e2f290b45ca5f5448c07439efb86dcf) Importer(815301076,1909f56bfc062723c751e8b465ee728b)
Start importing Assets/Traffic Lights/Prefabs/Props/Road/TB_CITY_Prop_TrafficLight_Base_T_A.prefab using Guid(8e2f290b45ca5f5448c07439efb86dcf) Importer(815301076,1909f56bfc062723c751e8b465ee728b)  -> (artifact id: '47828ee112dbf257a8ef0608b30bd84f') in 0.038235 seconds 
  Import took 0.043551 seconds .

========================================================================
Received Import Request.
  Time since last request: 251.911010 seconds.
  path: Assets/Traffic Lights/Prefabs/Props/Road/TB_CITY_Prop_TrafficLight_Base_T_B.prefab
  artifactKey: Guid(55376877acb72ac49affb123544bdb20) Importer(815301076,1909f56bfc062723c751e8b465ee728b)
Start importing Assets/Traffic Lights/Prefabs/Props/Road/TB_CITY_Prop_TrafficLight_Base_T_B.prefab using Guid(55376877acb72ac49affb123544bdb20) Importer(815301076,1909f56bfc062723c751e8b465ee728b)  -> (artifact id: 'cf64f4b126001b50cec9c6945d6c8f9d') in 0.036391 seconds 
  Import took 0.041394 seconds .

========================================================================
Received Import Request.
  Time since last request: 0.000407 seconds.
  path: Assets/Traffic Lights/Prefabs/Props/Road/TB_CITY_Prop_TrafficLight_C_Black.prefab
  artifactKey: Guid(9f7d9f7144dc2a640949188aaf615f8d) Importer(815301076,1909f56bfc062723c751e8b465ee728b)
Start importing Assets/Traffic Lights/Prefabs/Props/Road/TB_CITY_Prop_TrafficLight_C_Black.prefab using Guid(9f7d9f7144dc2a640949188aaf615f8d) Importer(815301076,1909f56bfc062723c751e8b465ee728b)  -> (artifact id: 'f9c23dda9d71544ca863e025e37c3d6d') in 0.056575 seconds 
  Import took 0.060871 seconds .

========================================================================
Received Import Request.
  Time since last request: 0.000245 seconds.
  path: Assets/Traffic Lights/Prefabs/Props/Road/TB_CITY_Prop_TrafficLight_C_Green.prefab
  artifactKey: Guid(8e9ae156b744bcb46a1127513188d623) Importer(815301076,1909f56bfc062723c751e8b465ee728b)
Start importing Assets/Traffic Lights/Prefabs/Props/Road/TB_CITY_Prop_TrafficLight_C_Green.prefab using Guid(8e9ae156b744bcb46a1127513188d623) Importer(815301076,1909f56bfc062723c751e8b465ee728b)  -> (artifact id: '0f3c587850c61d9f61275e2f7cdd137b') in 0.045016 seconds 
  Import took 0.061307 seconds .

========================================================================
Received Import Request.
  Time since last request: 0.540524 seconds.
  path: Assets/Traffic Lights/Prefabs/Props/Road/TB_CITY_Prop_TrafficLight_C_White.prefab
  artifactKey: Guid(0341bdd42105e2e4a8534e6d5e15f6c2) Importer(815301076,1909f56bfc062723c751e8b465ee728b)
Start importing Assets/Traffic Lights/Prefabs/Props/Road/TB_CITY_Prop_TrafficLight_C_White.prefab using Guid(0341bdd42105e2e4a8534e6d5e15f6c2) Importer(815301076,1909f56bfc062723c751e8b465ee728b)  -> (artifact id: '0cb74de36a0f98cd88e50b662a3dc4b3') in 0.029919 seconds 
  Import took 0.034157 seconds .

========================================================================
Received Import Request.
  Time since last request: 0.000419 seconds.
  path: Assets/Traffic Lights/Prefabs/Props/Road/TB_CITY_Prop_TrafficLight_HSet_Black.prefab
  artifactKey: Guid(893ca2168422874479700e7bdeb2420b) Importer(815301076,1909f56bfc062723c751e8b465ee728b)
Start importing Assets/Traffic Lights/Prefabs/Props/Road/TB_CITY_Prop_TrafficLight_HSet_Black.prefab using Guid(893ca2168422874479700e7bdeb2420b) Importer(815301076,1909f56bfc062723c751e8b465ee728b)  -> (artifact id: 'd860d4be98f9f22f329549b03fc8ba35') in 0.044436 seconds 
  Import took 0.051973 seconds .

========================================================================
Received Import Request.
  Time since last request: 0.001827 seconds.
  path: Assets/Traffic Lights/Prefabs/Props/Road/TB_CITY_Prop_TrafficLight_C_Yellow.prefab
  artifactKey: Guid(ce24a87ab63913d45abd62c7c97f2b0f) Importer(815301076,1909f56bfc062723c751e8b465ee728b)
Start importing Assets/Traffic Lights/Prefabs/Props/Road/TB_CITY_Prop_TrafficLight_C_Yellow.prefab using Guid(ce24a87ab63913d45abd62c7c97f2b0f) Importer(815301076,1909f56bfc062723c751e8b465ee728b)  -> (artifact id: 'df402ef68ef0d1e8a63466ffb55265c8') in 0.050310 seconds 
  Import took 0.056198 seconds .

========================================================================
Received Import Request.
  Time since last request: 0.002392 seconds.
  path: Assets/Traffic Lights/Prefabs/Props/Road/TB_CITY_Prop_TrafficLight_HSet_Green.prefab
  artifactKey: Guid(149299d47b9e73442b755810e20a94db) Importer(815301076,1909f56bfc062723c751e8b465ee728b)
Start importing Assets/Traffic Lights/Prefabs/Props/Road/TB_CITY_Prop_TrafficLight_HSet_Green.prefab using Guid(149299d47b9e73442b755810e20a94db) Importer(815301076,1909f56bfc062723c751e8b465ee728b)  -> (artifact id: '7112328448ed0cd7f64a0c85d8447569') in 0.042828 seconds 
  Import took 0.056159 seconds .

========================================================================
Received Import Request.
  Time since last request: 0.000236 seconds.
  path: Assets/Traffic Lights/Prefabs/Props/Road/TB_CITY_Prop_TrafficLight_HSet_White.prefab
  artifactKey: Guid(1262e16160fc5f8488102c16691970f5) Importer(815301076,1909f56bfc062723c751e8b465ee728b)
Start importing Assets/Traffic Lights/Prefabs/Props/Road/TB_CITY_Prop_TrafficLight_HSet_White.prefab using Guid(1262e16160fc5f8488102c16691970f5) Importer(815301076,1909f56bfc062723c751e8b465ee728b)  -> (artifact id: '9188b4032be7415ce54c979325218f7a') in 0.040775 seconds 
  Import took 0.044910 seconds .

========================================================================
Received Import Request.
  Time since last request: 0.000353 seconds.
  path: Assets/Traffic Lights/Prefabs/Props/Road/TB_CITY_Prop_TrafficLight_HSet_Yellow.prefab
  artifactKey: Guid(bf3d68831a14b034097ac0b569f49a94) Importer(815301076,1909f56bfc062723c751e8b465ee728b)
Start importing Assets/Traffic Lights/Prefabs/Props/Road/TB_CITY_Prop_TrafficLight_HSet_Yellow.prefab using Guid(bf3d68831a14b034097ac0b569f49a94) Importer(815301076,1909f56bfc062723c751e8b465ee728b)  -> (artifact id: '09f3355067d4b1c458f6939bcff028d5') in 0.044736 seconds 
  Import took 0.055801 seconds .

========================================================================
Received Import Request.
  Time since last request: 0.884439 seconds.
  path: Assets/Traffic Lights/Prefabs/Props/Road/TB_CITY_Prop_TrafficLight_VSet_Black.prefab
  artifactKey: Guid(597e85f7f9640614fb81bc56394201e8) Importer(815301076,1909f56bfc062723c751e8b465ee728b)
Start importing Assets/Traffic Lights/Prefabs/Props/Road/TB_CITY_Prop_TrafficLight_VSet_Black.prefab using Guid(597e85f7f9640614fb81bc56394201e8) Importer(815301076,1909f56bfc062723c751e8b465ee728b)  -> (artifact id: '73c1a5352bf348c6a83d01ead8a1e2bd') in 0.029445 seconds 
  Import took 0.034437 seconds .

========================================================================
Received Import Request.
  Time since last request: 0.000420 seconds.
  path: Assets/Traffic Lights/Prefabs/Props/Road/TB_CITY_Prop_TrafficLight_VSet_White.prefab
  artifactKey: Guid(3bf2a3dc060bfea4cbad4dec395d2ffc) Importer(815301076,1909f56bfc062723c751e8b465ee728b)
Start importing Assets/Traffic Lights/Prefabs/Props/Road/TB_CITY_Prop_TrafficLight_VSet_White.prefab using Guid(3bf2a3dc060bfea4cbad4dec395d2ffc) Importer(815301076,1909f56bfc062723c751e8b465ee728b)  -> (artifact id: '03bc43416730480fa4a2c4026b135b32') in 0.048873 seconds 
  Import took 0.053266 seconds .

========================================================================
Received Import Request.
  Time since last request: 0.000324 seconds.
  path: Assets/Traffic Lights/Prefabs/Props/Road/TB_CITY_Prop_TrafficLight_VSet_Green.prefab
  artifactKey: Guid(c9aa0a2fd3b0e4448914e57ffb78cb61) Importer(815301076,1909f56bfc062723c751e8b465ee728b)
Start importing Assets/Traffic Lights/Prefabs/Props/Road/TB_CITY_Prop_TrafficLight_VSet_Green.prefab using Guid(c9aa0a2fd3b0e4448914e57ffb78cb61) Importer(815301076,1909f56bfc062723c751e8b465ee728b)  -> (artifact id: '2e7bfcbbb5e375684365894f81953366') in 0.056925 seconds 
  Import took 0.062473 seconds .

========================================================================
Received Import Request.
  Time since last request: 0.388292 seconds.
  path: Assets/Traffic Lights/Prefabs/Props/Road/TB_CITY_Prop_TrafficLight_VSet_Yellow.prefab
  artifactKey: Guid(798f386d6a290cb46afae69c990cb793) Importer(815301076,1909f56bfc062723c751e8b465ee728b)
Start importing Assets/Traffic Lights/Prefabs/Props/Road/TB_CITY_Prop_TrafficLight_VSet_Yellow.prefab using Guid(798f386d6a290cb46afae69c990cb793) Importer(815301076,1909f56bfc062723c751e8b465ee728b)  -> (artifact id: 'be25dc629d4753e4f08e26582def639a') in 0.027637 seconds 
  Import took 0.031949 seconds .

========================================================================
Received Import Request.
  Time since last request: 394.942572 seconds.
  path: ProjectSettings/TagManager.asset
  artifactKey: Guid(00000000000000003000000000000000) Importer(815301076,1909f56bfc062723c751e8b465ee728b)
Start importing ProjectSettings/TagManager.asset using Guid(00000000000000003000000000000000) Importer(815301076,1909f56bfc062723c751e8b465ee728b)  -> (artifact id: 'ce6a35c3cddc746e7501c0bd0ed6d4ce') in 0.034564 seconds 
  Import took 0.038950 seconds .

========================================================================
Received Import Request.
  Time since last request: 97.405929 seconds.
  path: Assets/Cars/Vehicle/SportCar20/Meshes
  artifactKey: Guid(448dbcd5653aa0a43a23bc59ef24dcf9) Importer(815301076,1909f56bfc062723c751e8b465ee728b)
Start importing Assets/Cars/Vehicle/SportCar20/Meshes using Guid(448dbcd5653aa0a43a23bc59ef24dcf9) Importer(815301076,1909f56bfc062723c751e8b465ee728b)  -> (artifact id: '9d109f6ba215767d7a62ad3bebcfb722') in 0.015040 seconds 
  Import took 0.022236 seconds .

========================================================================
Received Import Request.
  Time since last request: 0.072473 seconds.
  path: Assets/Cars/Vehicle/SportCar20/Meshes/SportCar20.FBX
  artifactKey: Guid(f119de429d72e0b4daed64783cf54fad) Importer(815301076,1909f56bfc062723c751e8b465ee728b)
Start importing Assets/Cars/Vehicle/SportCar20/Meshes/SportCar20.FBX using Guid(f119de429d72e0b4daed64783cf54fad) Importer(815301076,1909f56bfc062723c751e8b465ee728b)  -> (artifact id: '198be1429590dd2af7345a07bd5a02c1') in 1.046061 seconds 
  Import took 1.056493 seconds .

========================================================================
Received Import Request.
  Time since last request: 0.000452 seconds.
  path: Assets/Cars/Vehicle/SportCar20/Meshes/Materials/BrakeDiscGlow.mat
  artifactKey: Guid(ffb39343dc3158743bd14c97c15642f8) Importer(815301076,1909f56bfc062723c751e8b465ee728b)
Start importing Assets/Cars/Vehicle/SportCar20/Meshes/Materials/BrakeDiscGlow.mat using Guid(ffb39343dc3158743bd14c97c15642f8) Importer(815301076,1909f56bfc062723c751e8b465ee728b)  -> (artifact id: 'd06a8b6f060e5faf91191a4e8247e6fc') in 0.035830 seconds 
  Import took 0.040073 seconds .

========================================================================
Received Import Request.
  Time since last request: 0.000300 seconds.
  path: Assets/Cars/Vehicle/SportCar20/Meshes/Materials/Number_0.mat
  artifactKey: Guid(40470b0427877c54b8a1760637a59b04) Importer(815301076,1909f56bfc062723c751e8b465ee728b)
Start importing Assets/Cars/Vehicle/SportCar20/Meshes/Materials/Number_0.mat using Guid(40470b0427877c54b8a1760637a59b04) Importer(815301076,1909f56bfc062723c751e8b465ee728b)  -> (artifact id: 'f73ef872fbc158c79ddac8047f54434f') in 0.034901 seconds 
  Import took 0.038885 seconds .

========================================================================
Received Import Request.
  Time since last request: 0.004744 seconds.
  path: Assets/Cars/Vehicle/SportCar20/Meshes/Materials/Number_3.mat
  artifactKey: Guid(ca68963d4253f2441b7cff2018753711) Importer(815301076,1909f56bfc062723c751e8b465ee728b)
Start importing Assets/Cars/Vehicle/SportCar20/Meshes/Materials/Number_3.mat using Guid(ca68963d4253f2441b7cff2018753711) Importer(815301076,1909f56bfc062723c751e8b465ee728b)  -> (artifact id: '2977e63ca4bd57925d6365e9360ba788') in 0.035856 seconds 
  Import took 0.048636 seconds .

========================================================================
Received Import Request.
  Time since last request: 0.001165 seconds.
  path: Assets/Cars/Vehicle/SportCar20/Meshes/Materials/Number_5.mat
  artifactKey: Guid(a764aee1e3db4ff45a455e718b72aedb) Importer(815301076,1909f56bfc062723c751e8b465ee728b)
Start importing Assets/Cars/Vehicle/SportCar20/Meshes/Materials/Number_5.mat using Guid(a764aee1e3db4ff45a455e718b72aedb) Importer(815301076,1909f56bfc062723c751e8b465ee728b)  -> (artifact id: '6f77a46e5f0250dbdc91a157247240ae') in 0.031622 seconds 
  Import took 0.035711 seconds .

========================================================================
Received Import Request.
  Time since last request: 0.000390 seconds.
  path: Assets/Cars/Vehicle/SportCar20/Meshes/Materials/Number_1.mat
  artifactKey: Guid(3420d1493ec4ea24da0475630dd2b202) Importer(815301076,1909f56bfc062723c751e8b465ee728b)
Start importing Assets/Cars/Vehicle/SportCar20/Meshes/Materials/Number_1.mat using Guid(3420d1493ec4ea24da0475630dd2b202) Importer(815301076,1909f56bfc062723c751e8b465ee728b)  -> (artifact id: '356e7e6a402160d17649060d2cd90304') in 0.053651 seconds 
  Import took 0.064044 seconds .

========================================================================
Received Import Request.
  Time since last request: 0.000338 seconds.
  path: Assets/Cars/Vehicle/SportCar20/Meshes/Materials/BlackWindows.mat
  artifactKey: Guid(f765cc479be827b43bfe884cbc37e03d) Importer(815301076,1909f56bfc062723c751e8b465ee728b)
Start importing Assets/Cars/Vehicle/SportCar20/Meshes/Materials/BlackWindows.mat using Guid(f765cc479be827b43bfe884cbc37e03d) Importer(815301076,1909f56bfc062723c751e8b465ee728b)  -> (artifact id: '03721ecb36ab0deaa9ad28add8c326e5') in 0.062788 seconds 
  Import took 0.067857 seconds .

========================================================================
Received Import Request.
  Time since last request: 0.000217 seconds.
  path: Assets/Cars/Vehicle/SportCar20/Meshes/Materials/BodyAlbedo.mat
  artifactKey: Guid(6e3df92b52926d449842ad9475ee73a3) Importer(815301076,1909f56bfc062723c751e8b465ee728b)
Start importing Assets/Cars/Vehicle/SportCar20/Meshes/Materials/BodyAlbedo.mat using Guid(6e3df92b52926d449842ad9475ee73a3) Importer(815301076,1909f56bfc062723c751e8b465ee728b)  -> (artifact id: 'd3503bb1cb0ba0e1ac5f9ea0acd2ed17') in 0.063643 seconds 
  Import took 0.068942 seconds .

========================================================================
Received Import Request.
  Time since last request: 0.000229 seconds.
  path: Assets/Cars/Vehicle/SportCar20/Meshes/Materials/MainAlbedo.mat
  artifactKey: Guid(c10b5d8ae76fb1f44a676fe3f1b41f40) Importer(815301076,1909f56bfc062723c751e8b465ee728b)
Start importing Assets/Cars/Vehicle/SportCar20/Meshes/Materials/MainAlbedo.mat using Guid(c10b5d8ae76fb1f44a676fe3f1b41f40) Importer(815301076,1909f56bfc062723c751e8b465ee728b)  -> (artifact id: '566472b4e853919b92f4ba2c64854392') in 0.053056 seconds 
  Import took 0.060304 seconds .

========================================================================
Received Import Request.
  Time since last request: 0.000265 seconds.
  path: Assets/Cars/Vehicle/SportCar20/Meshes/Materials/Glass.mat
  artifactKey: Guid(30d0eba5f4d2b3a43a11d22198e57a64) Importer(815301076,1909f56bfc062723c751e8b465ee728b)
Start importing Assets/Cars/Vehicle/SportCar20/Meshes/Materials/Glass.mat using Guid(30d0eba5f4d2b3a43a11d22198e57a64) Importer(815301076,1909f56bfc062723c751e8b465ee728b)  -> (artifact id: 'dec4e0cc8a7123ec9ee53ac4d1cd986d') in 0.040857 seconds 
  Import took 0.057276 seconds .

========================================================================
Received Import Request.
  Time since last request: 0.000445 seconds.
  path: Assets/Cars/Vehicle/SportCar20/Meshes/Materials/Number_4.mat
  artifactKey: Guid(bf75f96291559b541842b219e5e6dc70) Importer(815301076,1909f56bfc062723c751e8b465ee728b)
Start importing Assets/Cars/Vehicle/SportCar20/Meshes/Materials/Number_4.mat using Guid(bf75f96291559b541842b219e5e6dc70) Importer(815301076,1909f56bfc062723c751e8b465ee728b)  -> (artifact id: '1dc5a8e374f43ab46e5f7e174f538a11') in 0.041423 seconds 
  Import took 0.047076 seconds .

========================================================================
Received Import Request.
  Time since last request: 0.000272 seconds.
  path: Assets/Cars/Vehicle/SportCar20/Meshes/Materials
  artifactKey: Guid(5ffc9ebe979e9734494eaad6224eef96) Importer(815301076,1909f56bfc062723c751e8b465ee728b)
Start importing Assets/Cars/Vehicle/SportCar20/Meshes/Materials using Guid(5ffc9ebe979e9734494eaad6224eef96) Importer(815301076,1909f56bfc062723c751e8b465ee728b)  -> (artifact id: 'c16149464046b866c721db8880eff8a2') in 0.017533 seconds 
  Import took 0.021240 seconds .

========================================================================
Received Import Request.
  Time since last request: 0.000571 seconds.
  path: Assets/Cars/Vehicle/SportCar20/Meshes/Materials/LightOn.mat
  artifactKey: Guid(6bfb8cbbad7a0a446b75972933d04c06) Importer(815301076,1909f56bfc062723c751e8b465ee728b)
Start importing Assets/Cars/Vehicle/SportCar20/Meshes/Materials/LightOn.mat using Guid(6bfb8cbbad7a0a446b75972933d04c06) Importer(815301076,1909f56bfc062723c751e8b465ee728b)  -> (artifact id: '3531eb2ba9fd880b787356b36ec96023') in 0.042017 seconds 
  Import took 0.049989 seconds .

========================================================================
Received Import Request.
  Time since last request: 0.011423 seconds.
  path: Assets/Cars/Vehicle/SportCar20/Meshes/Materials/LicensePlateEuAlbedo.mat
  artifactKey: Guid(db99a13ef60c2704394ad0f69f588b4f) Importer(815301076,1909f56bfc062723c751e8b465ee728b)
Start importing Assets/Cars/Vehicle/SportCar20/Meshes/Materials/LicensePlateEuAlbedo.mat using Guid(db99a13ef60c2704394ad0f69f588b4f) Importer(815301076,1909f56bfc062723c751e8b465ee728b)  -> (artifact id: 'e423e6f6b6ebfd5d29759e04247d5a60') in 0.051422 seconds 
  Import took 0.065882 seconds .

========================================================================
Received Import Request.
  Time since last request: 0.000243 seconds.
  path: Assets/Cars/Vehicle/SportCar20/Meshes/Materials/LicensePlateUsAlbedo.mat
  artifactKey: Guid(afa993407efe3d9458380642206b58fd) Importer(815301076,1909f56bfc062723c751e8b465ee728b)
Start importing Assets/Cars/Vehicle/SportCar20/Meshes/Materials/LicensePlateUsAlbedo.mat using Guid(afa993407efe3d9458380642206b58fd) Importer(815301076,1909f56bfc062723c751e8b465ee728b)  -> (artifact id: '8d92349b3198b4987ff1c78b611ef406') in 0.045253 seconds 
  Import took 0.048934 seconds .

========================================================================
Received Import Request.
  Time since last request: 0.622033 seconds.
  path: Assets/Cars/Vehicle/SportCar20/Meshes/Materials/Number_6.mat
  artifactKey: Guid(6655a7fea1a438f41b1668f84bc4349c) Importer(815301076,1909f56bfc062723c751e8b465ee728b)
Start importing Assets/Cars/Vehicle/SportCar20/Meshes/Materials/Number_6.mat using Guid(6655a7fea1a438f41b1668f84bc4349c) Importer(815301076,1909f56bfc062723c751e8b465ee728b)  -> (artifact id: '1a9306d03a37ada5bf97a49fb5fd2222') in 0.024327 seconds 
  Import took 0.029577 seconds .

========================================================================
Received Import Request.
  Time since last request: 0.000453 seconds.
  path: Assets/Cars/Vehicle/SportCar20/Meshes/Materials/Number_7.mat
  artifactKey: Guid(7270bb17f2c62424cbeb7c1471cdfc72) Importer(815301076,1909f56bfc062723c751e8b465ee728b)
Start importing Assets/Cars/Vehicle/SportCar20/Meshes/Materials/Number_7.mat using Guid(7270bb17f2c62424cbeb7c1471cdfc72) Importer(815301076,1909f56bfc062723c751e8b465ee728b)  -> (artifact id: 'c288846768396f65322332f21a6bb75b') in 0.035642 seconds 
  Import took 0.043258 seconds .

========================================================================
Received Import Request.
  Time since last request: 0.000448 seconds.
  path: Assets/Cars/Vehicle/SportCar20/Meshes/Materials/Paint.mat
  artifactKey: Guid(9fd48feac9006d746980eb35788bf14b) Importer(815301076,1909f56bfc062723c751e8b465ee728b)
Start importing Assets/Cars/Vehicle/SportCar20/Meshes/Materials/Paint.mat using Guid(9fd48feac9006d746980eb35788bf14b) Importer(815301076,1909f56bfc062723c751e8b465ee728b)  -> (artifact id: '4d816714d7e05c31eb1c2fba69972edc') in 0.094713 seconds 
  Import took 0.103177 seconds .

========================================================================
Received Import Request.
  Time since last request: 0.000241 seconds.
  path: Assets/Cars/Vehicle/SportCar20/Meshes/Materials/Tire01Albedo.mat
  artifactKey: Guid(ae153dc30d59a18488e2f8e2f27986f5) Importer(815301076,1909f56bfc062723c751e8b465ee728b)
Start importing Assets/Cars/Vehicle/SportCar20/Meshes/Materials/Tire01Albedo.mat using Guid(ae153dc30d59a18488e2f8e2f27986f5) Importer(815301076,1909f56bfc062723c751e8b465ee728b)  -> (artifact id: '2a106c54df577786f08eb0595d628852') in 0.052126 seconds 
  Import took 0.055163 seconds .

========================================================================
Received Import Request.
  Time since last request: 0.000278 seconds.
  path: Assets/Cars/Vehicle/SportCar20/Meshes/Materials/Usa_Number_2.mat
  artifactKey: Guid(bd700772bfdf6ab438992764a2a0a511) Importer(815301076,1909f56bfc062723c751e8b465ee728b)
Start importing Assets/Cars/Vehicle/SportCar20/Meshes/Materials/Usa_Number_2.mat using Guid(bd700772bfdf6ab438992764a2a0a511) Importer(815301076,1909f56bfc062723c751e8b465ee728b)  -> (artifact id: 'af365bb2b54359067eb8bce3ee412df7') in 0.041000 seconds 
  Import took 0.048299 seconds .

========================================================================
Received Import Request.
  Time since last request: 0.000277 seconds.
  path: Assets/Cars/Vehicle/SportCar20/Meshes/Materials/Usa_Number_1.mat
  artifactKey: Guid(85721581115123c4aa839048691bdf24) Importer(815301076,1909f56bfc062723c751e8b465ee728b)
Start importing Assets/Cars/Vehicle/SportCar20/Meshes/Materials/Usa_Number_1.mat using Guid(85721581115123c4aa839048691bdf24) Importer(815301076,1909f56bfc062723c751e8b465ee728b)  -> (artifact id: '994d5be55c41f68bb6612173d7dd1cec') in 0.056545 seconds 
  Import took 0.060449 seconds .

========================================================================
Received Import Request.
  Time since last request: 1.565061 seconds.
  path: Assets/Cars/Vehicle/SportCar20/Meshes/Materials/Usa_Number_3.mat
  artifactKey: Guid(062a23b74c9d54a40af8bd76e35e1b57) Importer(815301076,1909f56bfc062723c751e8b465ee728b)
Start importing Assets/Cars/Vehicle/SportCar20/Meshes/Materials/Usa_Number_3.mat using Guid(062a23b74c9d54a40af8bd76e35e1b57) Importer(815301076,1909f56bfc062723c751e8b465ee728b)  -> (artifact id: '6296cb112b29d356c149918db2e116a0') in 0.019888 seconds 
  Import took 0.023939 seconds .

========================================================================
Received Import Request.
  Time since last request: 0.000386 seconds.
  path: Assets/Cars/Vehicle/SportCar20/Meshes/Materials/Usa_Number_5.mat
  artifactKey: Guid(cd0f644a3537fc14f814bd5974c2d48b) Importer(815301076,1909f56bfc062723c751e8b465ee728b)
Start importing Assets/Cars/Vehicle/SportCar20/Meshes/Materials/Usa_Number_5.mat using Guid(cd0f644a3537fc14f814bd5974c2d48b) Importer(815301076,1909f56bfc062723c751e8b465ee728b)  -> (artifact id: 'a7cc38358ee0985ce8084dc7e5c1e10f') in 0.029356 seconds 
  Import took 0.040335 seconds .

========================================================================
Received Import Request.
  Time since last request: 0.000280 seconds.
  path: Assets/Cars/Vehicle/SportCar20/Meshes/Materials/Usa_Number_4.mat
  artifactKey: Guid(6465b763d741e46409f3c1ca6085a7c8) Importer(815301076,1909f56bfc062723c751e8b465ee728b)
Start importing Assets/Cars/Vehicle/SportCar20/Meshes/Materials/Usa_Number_4.mat using Guid(6465b763d741e46409f3c1ca6085a7c8) Importer(815301076,1909f56bfc062723c751e8b465ee728b)  -> (artifact id: '147868c44ed2bba9a3c270995ba4d2b5') in 0.031604 seconds 
  Import took 0.036935 seconds .

========================================================================
Received Import Request.
  Time since last request: 0.075686 seconds.
  path: Assets/Cars/Vehicle/SportCar20/Meshes/Materials/Usa_Number_6.mat
  artifactKey: Guid(bef95103f6f992340a79558c6d47e452) Importer(815301076,1909f56bfc062723c751e8b465ee728b)
Start importing Assets/Cars/Vehicle/SportCar20/Meshes/Materials/Usa_Number_6.mat using Guid(bef95103f6f992340a79558c6d47e452) Importer(815301076,1909f56bfc062723c751e8b465ee728b)  -> (artifact id: '46ac48a95e46eefcf8fee2055c7d1161') in 0.016036 seconds 
  Import took 0.024822 seconds .

========================================================================
Received Import Request.
  Time since last request: 0.000312 seconds.
  path: Assets/Cars/Vehicle/SportCar20/Meshes/Materials/Wheel.mat
  artifactKey: Guid(37bfd96a479327144a6116a996f495d7) Importer(815301076,1909f56bfc062723c751e8b465ee728b)
Start importing Assets/Cars/Vehicle/SportCar20/Meshes/Materials/Wheel.mat using Guid(37bfd96a479327144a6116a996f495d7) Importer(815301076,1909f56bfc062723c751e8b465ee728b)  -> (artifact id: '91373b15fb2f5c533aa0379fda048abc') in 0.060012 seconds 
  Import took 0.065901 seconds .

========================================================================
Received Import Request.
  Time since last request: 0.000261 seconds.
  path: Assets/Cars/Vehicle/SportCar20/Meshes/Materials/Usa_Number_7.mat
  artifactKey: Guid(49de8ac77e72386488f51f1f55ef2af6) Importer(815301076,1909f56bfc062723c751e8b465ee728b)
Start importing Assets/Cars/Vehicle/SportCar20/Meshes/Materials/Usa_Number_7.mat using Guid(49de8ac77e72386488f51f1f55ef2af6) Importer(815301076,1909f56bfc062723c751e8b465ee728b)  -> (artifact id: 'cef5b868913913c95b69c9c5d87691b0') in 0.029743 seconds 
  Import took 0.034975 seconds .

========================================================================
Received Prepare
Registering precompiled user dll's ...
Registered in 0.012426 seconds.
Begin MonoManager ReloadAssembly
Native extension for WindowsStandalone target not found
Refreshing native plugins compatible for Editor in 0.45 ms, found 2 plugins.
Preloading 0 native plugins for Editor in 0.00 ms.
Mono: successfully reloaded assembly
- Completed reload, in  2.201 seconds
Domain Reload Profiling:
	ReloadAssembly (2202ms)
		BeginReloadAssembly (220ms)
			ExecutionOrderSort (0ms)
			DisableScriptedObjects (5ms)
			BackupInstance (0ms)
			ReleaseScriptingObjects (0ms)
			CreateAndSetChildDomain (104ms)
		EndReloadAssembly (1883ms)
			LoadAssemblies (132ms)
			RebuildTransferFunctionScriptingTraits (0ms)
			SetupTypeCache (587ms)
			ReleaseScriptCaches (1ms)
			RebuildScriptCaches (108ms)
			SetupLoadedEditorAssemblies (898ms)
				LogAssemblyErrors (0ms)
				InitializePlatformSupportModulesInManaged (7ms)
				SetLoadedEditorAssemblies (1ms)
				RefreshPlugins (1ms)
				BeforeProcessingInitializeOnLoad (295ms)
				ProcessInitializeOnLoadAttributes (524ms)
				ProcessInitializeOnLoadMethodAttributes (53ms)
				AfterProcessingInitializeOnLoad (17ms)
				EditorAssembliesLoaded (0ms)
			ExecutionOrderSort2 (0ms)
			AwakeInstancesAfterBackupRestoration (10ms)
Platform modules already initialized, skipping
Refreshing native plugins compatible for Editor in 0.42 ms, found 2 plugins.
Preloading 0 native plugins for Editor in 0.00 ms.
Unloading 1490 Unused Serialized files (Serialized files now loaded: 0)
System memory in use before: 85.6 MB.
System memory in use after: 85.7 MB.

Unloading 15 unused Assets to reduce memory usage. Loaded Objects now: 1975.
Total: 3.992300 ms (FindLiveObjects: 0.208500 ms CreateObjectMapping: 0.060800 ms MarkObjects: 3.690500 ms  DeleteObjects: 0.030700 ms)

AssetImportParameters requested are different than current active one (requested -> active):
  custom:framework-win-MediaFoundation: 216162199b28c13a410421893ffa2e32 -> 
  custom:video-decoder-ogg-theora: a1e56fd34408186e4bbccfd4996cb3dc -> 
  custom:container-muxer-webm: aa71ff27fc2769a1b78a27578f13a17b -> 
  custom:container-demuxer-webm: 4f35f7cbe854078d1ac9338744f61a02 -> 
  custom:container-demuxer-ogg: 62fdf1f143b41e24485cea50d1cbac27 -> 
  custom:video-encoder-webm-vp8: eb34c28f22e8b96e1ab97ce403110664 -> 
  custom:video-decoder-webm-vp8: 9c59270c3fd7afecdb556c50c9e8de78 -> 
  custom:audio-decoder-ogg-vorbis: bf7c407c2cedff20999df2af8eb42d56 -> 
  custom:audio-encoder-webm-vorbis: bf7c407c2cedff20999df2af8eb42d56 -> 
========================================================================
Received Prepare
Registering precompiled user dll's ...
Registered in 0.011333 seconds.
Begin MonoManager ReloadAssembly
Native extension for WindowsStandalone target not found
Refreshing native plugins compatible for Editor in 0.46 ms, found 2 plugins.
Preloading 0 native plugins for Editor in 0.00 ms.
Mono: successfully reloaded assembly
- Completed reload, in  1.732 seconds
Domain Reload Profiling:
	ReloadAssembly (1733ms)
		BeginReloadAssembly (173ms)
			ExecutionOrderSort (0ms)
			DisableScriptedObjects (11ms)
			BackupInstance (0ms)
			ReleaseScriptingObjects (0ms)
			CreateAndSetChildDomain (53ms)
		EndReloadAssembly (1415ms)
			LoadAssemblies (200ms)
			RebuildTransferFunctionScriptingTraits (0ms)
			SetupTypeCache (535ms)
			ReleaseScriptCaches (1ms)
			RebuildScriptCaches (60ms)
			SetupLoadedEditorAssemblies (478ms)
				LogAssemblyErrors (0ms)
				InitializePlatformSupportModulesInManaged (10ms)
				SetLoadedEditorAssemblies (1ms)
				RefreshPlugins (1ms)
				BeforeProcessingInitializeOnLoad (105ms)
				ProcessInitializeOnLoadAttributes (341ms)
				ProcessInitializeOnLoadMethodAttributes (11ms)
				AfterProcessingInitializeOnLoad (10ms)
				EditorAssembliesLoaded (0ms)
			ExecutionOrderSort2 (0ms)
			AwakeInstancesAfterBackupRestoration (8ms)
Platform modules already initialized, skipping
Refreshing native plugins compatible for Editor in 0.49 ms, found 2 plugins.
Preloading 0 native plugins for Editor in 0.00 ms.
Unloading 1490 Unused Serialized files (Serialized files now loaded: 0)
System memory in use before: 85.6 MB.
System memory in use after: 85.7 MB.

Unloading 14 unused Assets to reduce memory usage. Loaded Objects now: 1977.
Total: 3.206700 ms (FindLiveObjects: 0.198200 ms CreateObjectMapping: 0.053700 ms MarkObjects: 2.933300 ms  DeleteObjects: 0.020000 ms)

AssetImportParameters requested are different than current active one (requested -> active):
  custom:framework-win-MediaFoundation: 216162199b28c13a410421893ffa2e32 -> 
  custom:video-decoder-ogg-theora: a1e56fd34408186e4bbccfd4996cb3dc -> 
  custom:container-muxer-webm: aa71ff27fc2769a1b78a27578f13a17b -> 
  custom:container-demuxer-webm: 4f35f7cbe854078d1ac9338744f61a02 -> 
  custom:container-demuxer-ogg: 62fdf1f143b41e24485cea50d1cbac27 -> 
  custom:video-encoder-webm-vp8: eb34c28f22e8b96e1ab97ce403110664 -> 
  custom:video-decoder-webm-vp8: 9c59270c3fd7afecdb556c50c9e8de78 -> 
  custom:audio-decoder-ogg-vorbis: bf7c407c2cedff20999df2af8eb42d56 -> 
  custom:audio-encoder-webm-vorbis: bf7c407c2cedff20999df2af8eb42d56 -> 
========================================================================
Received Import Request.
  Time since last request: 156.650109 seconds.
  path: Assets/Cars/Materials
  artifactKey: Guid(9f95edd36aea8ba4faea8ae5f01d9eb3) Importer(815301076,1909f56bfc062723c751e8b465ee728b)
Start importing Assets/Cars/Materials using Guid(9f95edd36aea8ba4faea8ae5f01d9eb3) Importer(815301076,1909f56bfc062723c751e8b465ee728b)  -> (artifact id: '0f8069d5069637456155f30a28459fd7') in 0.005300 seconds 
  Import took 0.008297 seconds .

========================================================================
Received Import Request.
  Time since last request: 3.712934 seconds.
  path: Assets/Cars/Models
  artifactKey: Guid(db19142075ca3cb4c9d9f0a5f409ad76) Importer(815301076,1909f56bfc062723c751e8b465ee728b)
Start importing Assets/Cars/Models using Guid(db19142075ca3cb4c9d9f0a5f409ad76) Importer(815301076,1909f56bfc062723c751e8b465ee728b)  -> (artifact id: 'a27b06d794c267dcf777e6c9a96b817b') in 0.016441 seconds 
  Import took 0.020096 seconds .

========================================================================
Received Import Request.
  Time since last request: 1.139109 seconds.
  path: Assets/Cars/Models/Cars
  artifactKey: Guid(cc49e4e8d93d23f4980b8aef6cec0b49) Importer(815301076,1909f56bfc062723c751e8b465ee728b)
Start importing Assets/Cars/Models/Cars using Guid(cc49e4e8d93d23f4980b8aef6cec0b49) Importer(815301076,1909f56bfc062723c751e8b465ee728b)  -> (artifact id: 'd3eb4b2d8cbdfbf9ae1498a00d9bf0e2') in 0.015727 seconds 
  Import took 0.023866 seconds .

========================================================================
Received Import Request.
  Time since last request: 2.538213 seconds.
  path: Assets/Cars/Models/Cars/Car3_Police
  artifactKey: Guid(7ba34adf9740588408d824e1e8b8bed5) Importer(815301076,1909f56bfc062723c751e8b465ee728b)
Start importing Assets/Cars/Models/Cars/Car3_Police using Guid(7ba34adf9740588408d824e1e8b8bed5) Importer(815301076,1909f56bfc062723c751e8b465ee728b)  -> (artifact id: '825f9dfd50cbe47776a9213417d573f0') in 0.019792 seconds 
  Import took 0.027173 seconds .

========================================================================
Received Import Request.
  Time since last request: 1.410510 seconds.
  path: Assets/Cars/Models/Cars/Car3
  artifactKey: Guid(3018406880159174d933e11c49105c84) Importer(815301076,1909f56bfc062723c751e8b465ee728b)
Start importing Assets/Cars/Models/Cars/Car3 using Guid(3018406880159174d933e11c49105c84) Importer(815301076,1909f56bfc062723c751e8b465ee728b)  -> (artifact id: '4da66982fb722c1e60d4c6dd40543c17') in 0.015243 seconds 
  Import took 0.022009 seconds .

========================================================================
Received Import Request.
  Time since last request: 0.074013 seconds.
  path: Assets/Cars/Models/Cars/Car3/Car3.FBX
  artifactKey: Guid(1ef13bdc53bd75d41bff0665f89b55be) Importer(815301076,1909f56bfc062723c751e8b465ee728b)
Start importing Assets/Cars/Models/Cars/Car3/Car3.FBX using Guid(1ef13bdc53bd75d41bff0665f89b55be) Importer(815301076,1909f56bfc062723c751e8b465ee728b)  -> (artifact id: '1d3ba187ab35356c5bf929e72c94d458') in 0.143422 seconds 
  Import took 0.148495 seconds .

========================================================================
Received Import Request.
  Time since last request: 34.960537 seconds.
  path: Assets/Cars/Models/Cars/Car3_Police/Car3_Police.FBX
  artifactKey: Guid(fde7b43d8a1f39e4e9ca3689877cdbc8) Importer(815301076,1909f56bfc062723c751e8b465ee728b)
Start importing Assets/Cars/Models/Cars/Car3_Police/Car3_Police.FBX using Guid(fde7b43d8a1f39e4e9ca3689877cdbc8) Importer(815301076,1909f56bfc062723c751e8b465ee728b)  -> (artifact id: '68ce52f1b9ac61ac4e1fa2fe75620306') in 0.074576 seconds 
  Import took 0.078639 seconds .

========================================================================
Received Import Request.
  Time since last request: 3.110948 seconds.
  path: Assets/Cars/Materials/Floor.mat
  artifactKey: Guid(8743883e9e64c85498a3d59db13fa3ca) Importer(815301076,1909f56bfc062723c751e8b465ee728b)
Start importing Assets/Cars/Materials/Floor.mat using Guid(8743883e9e64c85498a3d59db13fa3ca) Importer(815301076,1909f56bfc062723c751e8b465ee728b)  -> (artifact id: '70dbba196a9ee4adcf0de4126fb753c5') in 0.298417 seconds 
  Import took 0.302473 seconds .

========================================================================
Received Import Request.
  Time since last request: 1.049125 seconds.
  path: Assets/Cars/Materials/Cars
  artifactKey: Guid(c781c29500adffd4c950eada10007fed) Importer(815301076,1909f56bfc062723c751e8b465ee728b)
Start importing Assets/Cars/Materials/Cars using Guid(c781c29500adffd4c950eada10007fed) Importer(815301076,1909f56bfc062723c751e8b465ee728b)  -> (artifact id: '9e1bad39acd217019f348990a1b71a07') in 0.008171 seconds 
  Import took 0.012022 seconds .

========================================================================
Received Import Request.
  Time since last request: 0.072802 seconds.
  path: Assets/Cars/Materials/Cars/Alarm.mat
  artifactKey: Guid(e81c88913a13e8d4dbd1089dac08203f) Importer(815301076,1909f56bfc062723c751e8b465ee728b)
Start importing Assets/Cars/Materials/Cars/Alarm.mat using Guid(e81c88913a13e8d4dbd1089dac08203f) Importer(815301076,1909f56bfc062723c751e8b465ee728b)  -> (artifact id: 'a3a66e72012e4f71353b773df49f4053') in 0.026758 seconds 
  Import took 0.031385 seconds .

========================================================================
Received Import Request.
  Time since last request: 0.000382 seconds.
  path: Assets/Cars/Materials/Cars/SchoolBus.mat
  artifactKey: Guid(b796f04a9b9dcdf42a55a53c616e9ac5) Importer(815301076,1909f56bfc062723c751e8b465ee728b)
Start importing Assets/Cars/Materials/Cars/SchoolBus.mat using Guid(b796f04a9b9dcdf42a55a53c616e9ac5) Importer(815301076,1909f56bfc062723c751e8b465ee728b)  -> (artifact id: '9fcd2c323d32fd4b455fdf7ac2e1ba81') in 0.038301 seconds 
  Import took 0.052298 seconds .

========================================================================
Received Import Request.
  Time since last request: 0.000411 seconds.
  path: Assets/Cars/Materials/Cars/Ambulance.mat
  artifactKey: Guid(9b7e980d1b571594ab3e80531182be53) Importer(815301076,1909f56bfc062723c751e8b465ee728b)
Start importing Assets/Cars/Materials/Cars/Ambulance.mat using Guid(9b7e980d1b571594ab3e80531182be53) Importer(815301076,1909f56bfc062723c751e8b465ee728b)  -> (artifact id: '26d6d5f028d5d9298f2f220a51de473c') in 0.034167 seconds 
  Import took 0.043343 seconds .

========================================================================
Received Import Request.
  Time since last request: 0.000358 seconds.
  path: Assets/Cars/Materials/Cars/FireTruck.mat
  artifactKey: Guid(c510bf4fc90f18e4fa6f1a8e8d9b32de) Importer(815301076,1909f56bfc062723c751e8b465ee728b)
Start importing Assets/Cars/Materials/Cars/FireTruck.mat using Guid(c510bf4fc90f18e4fa6f1a8e8d9b32de) Importer(815301076,1909f56bfc062723c751e8b465ee728b)  -> (artifact id: 'b759c852fd533a571a84eabefbc18dbf') in 0.039183 seconds 
  Import took 0.054770 seconds .

========================================================================
Received Import Request.
  Time since last request: 0.936467 seconds.
  path: Assets/Cars/Materials/Cars/Car3
  artifactKey: Guid(032b67df6f82eb94a9b7c28f983a9810) Importer(815301076,1909f56bfc062723c751e8b465ee728b)
Start importing Assets/Cars/Materials/Cars/Car3 using Guid(032b67df6f82eb94a9b7c28f983a9810) Importer(815301076,1909f56bfc062723c751e8b465ee728b)  -> (artifact id: 'e91ce552369bb1630eb380693eea4c58') in 0.005372 seconds 
  Import took 0.012009 seconds .

========================================================================
Received Import Request.
  Time since last request: 0.123376 seconds.
  path: Assets/Cars/Materials/Cars/Car3/Car3_Blue.mat
  artifactKey: Guid(503fbeafe8bcaa3488baac9253501005) Importer(815301076,1909f56bfc062723c751e8b465ee728b)
Start importing Assets/Cars/Materials/Cars/Car3/Car3_Blue.mat using Guid(503fbeafe8bcaa3488baac9253501005) Importer(815301076,1909f56bfc062723c751e8b465ee728b)  -> (artifact id: '71f490a8e3a112c6d22eddb835d4b365') in 0.023419 seconds 
  Import took 0.027556 seconds .

========================================================================
Received Import Request.
  Time since last request: 0.000427 seconds.
  path: Assets/Cars/Materials/Cars/Car3/Car3_White.mat
  artifactKey: Guid(551862d267703d24daac391b6a5c6ce0) Importer(815301076,1909f56bfc062723c751e8b465ee728b)
Start importing Assets/Cars/Materials/Cars/Car3/Car3_White.mat using Guid(551862d267703d24daac391b6a5c6ce0) Importer(815301076,1909f56bfc062723c751e8b465ee728b)  -> (artifact id: 'ed0386d3d8208286dfbb187c32b990ad') in 0.038872 seconds 
  Import took 0.044589 seconds .

========================================================================
Received Import Request.
  Time since last request: 0.000461 seconds.
  path: Assets/Cars/Materials/Cars/Car3/Car3_Green.mat
  artifactKey: Guid(68ba3eae257fff9408c94aca1516dcfd) Importer(815301076,1909f56bfc062723c751e8b465ee728b)
Start importing Assets/Cars/Materials/Cars/Car3/Car3_Green.mat using Guid(68ba3eae257fff9408c94aca1516dcfd) Importer(815301076,1909f56bfc062723c751e8b465ee728b)  -> (artifact id: '0a6015870f08fc94a9a24f4de2ec2051') in 0.038217 seconds 
  Import took 0.042698 seconds .

========================================================================
Received Import Request.
  Time since last request: 0.001290 seconds.
  path: Assets/Cars/Materials/Cars/Car3/Car3_Red.mat
  artifactKey: Guid(84efaba339eccae48b2360ce2b1e3b2a) Importer(815301076,1909f56bfc062723c751e8b465ee728b)
Start importing Assets/Cars/Materials/Cars/Car3/Car3_Red.mat using Guid(84efaba339eccae48b2360ce2b1e3b2a) Importer(815301076,1909f56bfc062723c751e8b465ee728b)  -> (artifact id: '27b74bbc17ba382a232ec7ec76c0a3a1') in 0.052674 seconds 
  Import took 0.067201 seconds .

========================================================================
Received Import Request.
  Time since last request: 0.000284 seconds.
  path: Assets/Cars/Materials/Cars/Car3/Car3_Police.mat
  artifactKey: Guid(1dbf46e9157cec146978e9c93ced75b9) Importer(815301076,1909f56bfc062723c751e8b465ee728b)
Start importing Assets/Cars/Materials/Cars/Car3/Car3_Police.mat using Guid(1dbf46e9157cec146978e9c93ced75b9) Importer(815301076,1909f56bfc062723c751e8b465ee728b)  -> (artifact id: '6848890f2313a19a823e56583a5b5d34') in 0.048537 seconds 
  Import took 0.052778 seconds .

========================================================================
Received Import Request.
  Time since last request: 21.245376 seconds.
  path: Assets/Cars/Materials/Cars/MuscleCar1/MuscleCar1_Black.mat
  artifactKey: Guid(0d24ebb30e8777a40be9a9d4fe48b768) Importer(815301076,1909f56bfc062723c751e8b465ee728b)
Start importing Assets/Cars/Materials/Cars/MuscleCar1/MuscleCar1_Black.mat using Guid(0d24ebb30e8777a40be9a9d4fe48b768) Importer(815301076,1909f56bfc062723c751e8b465ee728b)  -> (artifact id: 'da35448b00335b56b9d856cd56fd6916') in 0.022710 seconds 
  Import took 0.026418 seconds .

========================================================================
Received Import Request.
  Time since last request: 0.000399 seconds.
  path: Assets/Cars/Materials/Cars/MuscleCar1/MuscleCar1_White.mat
  artifactKey: Guid(171019f069a0cf84f963f7fa2464196e) Importer(815301076,1909f56bfc062723c751e8b465ee728b)
Start importing Assets/Cars/Materials/Cars/MuscleCar1/MuscleCar1_White.mat using Guid(171019f069a0cf84f963f7fa2464196e) Importer(815301076,1909f56bfc062723c751e8b465ee728b)  -> (artifact id: '30d03a31a36a258237e2ac3ccb329884') in 0.032638 seconds 
  Import took 0.036935 seconds .

========================================================================
Received Import Request.
  Time since last request: 0.000423 seconds.
  path: Assets/Cars/Materials/Cars/MuscleCar1/MuscleCar1_Blue.mat
  artifactKey: Guid(d116c7b7767bb9942951f6047faa23db) Importer(815301076,1909f56bfc062723c751e8b465ee728b)
Start importing Assets/Cars/Materials/Cars/MuscleCar1/MuscleCar1_Blue.mat using Guid(d116c7b7767bb9942951f6047faa23db) Importer(815301076,1909f56bfc062723c751e8b465ee728b)  -> (artifact id: '0eb7dc063d782be78b07d0a6f4c71470') in 0.048878 seconds 
  Import took 0.054029 seconds .

========================================================================
Received Import Request.
  Time since last request: 0.000292 seconds.
  path: Assets/Cars/Materials/Cars/MuscleCar1/MuscleCar1_Red.mat
  artifactKey: Guid(a09222f53ce8d30489b7bc0a28f33f66) Importer(815301076,1909f56bfc062723c751e8b465ee728b)
Start importing Assets/Cars/Materials/Cars/MuscleCar1/MuscleCar1_Red.mat using Guid(a09222f53ce8d30489b7bc0a28f33f66) Importer(815301076,1909f56bfc062723c751e8b465ee728b)  -> (artifact id: '1486d9283350dce054d92d35f7e24b11') in 0.033847 seconds 
  Import took 0.040814 seconds .

========================================================================
Received Import Request.
  Time since last request: 0.001268 seconds.
  path: Assets/Cars/Materials/Cars/MuscleCar1/MuscleCar1_Green.mat
  artifactKey: Guid(027c9a8e4d25b624eb2401de4724786c) Importer(815301076,1909f56bfc062723c751e8b465ee728b)
Start importing Assets/Cars/Materials/Cars/MuscleCar1/MuscleCar1_Green.mat using Guid(027c9a8e4d25b624eb2401de4724786c) Importer(815301076,1909f56bfc062723c751e8b465ee728b)  -> (artifact id: '0372617cf71bef8f01ebd186b3afd1a0') in 0.051046 seconds 
  Import took 0.056032 seconds .

========================================================================
Received Import Request.
  Time since last request: 11.204148 seconds.
  path: Assets/Cars/Prefabs/Cars
  artifactKey: Guid(b0376097e5dda9748b0e951381b6bc3c) Importer(815301076,1909f56bfc062723c751e8b465ee728b)
Start importing Assets/Cars/Prefabs/Cars using Guid(b0376097e5dda9748b0e951381b6bc3c) Importer(815301076,1909f56bfc062723c751e8b465ee728b)  -> (artifact id: '79d2ac51dbba0ddebfe4b2f8623dd2dc') in 0.005271 seconds 
  Import took 0.010209 seconds .

========================================================================
Received Import Request.
  Time since last request: 0.088448 seconds.
  path: Assets/Cars/Prefabs/Cars/Ambulance.prefab
  artifactKey: Guid(b0d18b00362894e4abebed9e691ca9b3) Importer(815301076,1909f56bfc062723c751e8b465ee728b)
Start importing Assets/Cars/Prefabs/Cars/Ambulance.prefab using Guid(b0d18b00362894e4abebed9e691ca9b3) Importer(815301076,1909f56bfc062723c751e8b465ee728b)  -> (artifact id: 'b08547e1607bba40cfd9c4a66068d394') in 0.027388 seconds 
  Import took 0.032834 seconds .

========================================================================
Received Import Request.
  Time since last request: 0.000389 seconds.
  path: Assets/Cars/Prefabs/Cars/SchoolBus.prefab
  artifactKey: Guid(90e62dd7d612f104699e288b098370de) Importer(815301076,1909f56bfc062723c751e8b465ee728b)
Start importing Assets/Cars/Prefabs/Cars/SchoolBus.prefab using Guid(90e62dd7d612f104699e288b098370de) Importer(815301076,1909f56bfc062723c751e8b465ee728b)  -> (artifact id: '0db7635bb9a768cccc1a003deabdf397') in 0.037173 seconds 
  Import took 0.041438 seconds .

========================================================================
Received Import Request.
  Time since last request: 0.000341 seconds.
  path: Assets/Cars/Prefabs/Cars/FireTruck.prefab
  artifactKey: Guid(78fbdc1cee9117f40bd9bf4f96b51a77) Importer(815301076,1909f56bfc062723c751e8b465ee728b)
Start importing Assets/Cars/Prefabs/Cars/FireTruck.prefab using Guid(78fbdc1cee9117f40bd9bf4f96b51a77) Importer(815301076,1909f56bfc062723c751e8b465ee728b)  -> (artifact id: 'cf8d5d516bbead0dec765f021eb19a0e') in 0.038217 seconds 
  Import took 0.051171 seconds .

========================================================================
Received Import Request.
  Time since last request: 0.000292 seconds.
  path: Assets/Cars/Prefabs/Cars/MuscleCar2.prefab
  artifactKey: Guid(52dce0384a160774aa85791275a8dcd4) Importer(815301076,1909f56bfc062723c751e8b465ee728b)
Start importing Assets/Cars/Prefabs/Cars/MuscleCar2.prefab using Guid(52dce0384a160774aa85791275a8dcd4) Importer(815301076,1909f56bfc062723c751e8b465ee728b)  -> (artifact id: '2cedfbe50b62392bb45aec4e69f441f4') in 0.043134 seconds 
  Import took 0.046414 seconds .

========================================================================
Received Import Request.
  Time since last request: 0.000264 seconds.
  path: Assets/Cars/Prefabs/Cars/Trailer1.prefab
  artifactKey: Guid(54635a7f2a4b7574999a08e6a6b29917) Importer(815301076,1909f56bfc062723c751e8b465ee728b)
Start importing Assets/Cars/Prefabs/Cars/Trailer1.prefab using Guid(54635a7f2a4b7574999a08e6a6b29917) Importer(815301076,1909f56bfc062723c751e8b465ee728b)  -> (artifact id: 'b6891cf22f1177b2dfa6fa441bb0bdf6') in 0.057482 seconds 
  Import took 0.062831 seconds .

========================================================================
Received Import Request.
  Time since last request: 0.000244 seconds.
  path: Assets/Cars/Prefabs/Cars/MuscleCar1.prefab
  artifactKey: Guid(9c48be62fa9178d4aa2702466e7ca60b) Importer(815301076,1909f56bfc062723c751e8b465ee728b)
Start importing Assets/Cars/Prefabs/Cars/MuscleCar1.prefab using Guid(9c48be62fa9178d4aa2702466e7ca60b) Importer(815301076,1909f56bfc062723c751e8b465ee728b)  -> (artifact id: '45d9ab1798201e2642df662fa6fc56bc') in 0.042050 seconds 
  Import took 0.055823 seconds .

========================================================================
Received Import Request.
  Time since last request: 0.000293 seconds.
  path: Assets/Cars/Prefabs/Cars/Trailer1_Static.prefab
  artifactKey: Guid(071d9384d25899041a1c860234a4e3e3) Importer(815301076,1909f56bfc062723c751e8b465ee728b)
Start importing Assets/Cars/Prefabs/Cars/Trailer1_Static.prefab using Guid(071d9384d25899041a1c860234a4e3e3) Importer(815301076,1909f56bfc062723c751e8b465ee728b)  -> (artifact id: 'c1ffeb62b2b4539cb5af600a2d781374') in 0.046146 seconds 
  Import took 0.049476 seconds .

========================================================================
Received Import Request.
  Time since last request: 0.000212 seconds.
  path: Assets/Cars/Prefabs/Cars/SUV1_Police.prefab
  artifactKey: Guid(6f71ee308d8a86b4c9302e2100d9c16f) Importer(815301076,1909f56bfc062723c751e8b465ee728b)
Start importing Assets/Cars/Prefabs/Cars/SUV1_Police.prefab using Guid(6f71ee308d8a86b4c9302e2100d9c16f) Importer(815301076,1909f56bfc062723c751e8b465ee728b)  -> (artifact id: '1ed410f1a50be8e2cb64190d78b27ec0') in 0.052132 seconds 
  Import took 0.055685 seconds .

========================================================================
Received Import Request.
  Time since last request: 0.000231 seconds.
  path: Assets/Cars/Prefabs/Cars/Truck1.prefab
  artifactKey: Guid(444439d16363a2147813456ce782a5cc) Importer(815301076,1909f56bfc062723c751e8b465ee728b)
Start importing Assets/Cars/Prefabs/Cars/Truck1.prefab using Guid(444439d16363a2147813456ce782a5cc) Importer(815301076,1909f56bfc062723c751e8b465ee728b)  -> (artifact id: '05efdbb3f9581bfe195ddbcd71907eb9') in 0.054423 seconds 
  Import took 0.061041 seconds .

========================================================================
Received Import Request.
  Time since last request: 0.000281 seconds.
  path: Assets/Cars/Prefabs/Cars/SUV1.prefab
  artifactKey: Guid(1b63695fe568d1a4f847e88c776f16ba) Importer(815301076,1909f56bfc062723c751e8b465ee728b)
Start importing Assets/Cars/Prefabs/Cars/SUV1.prefab using Guid(1b63695fe568d1a4f847e88c776f16ba) Importer(815301076,1909f56bfc062723c751e8b465ee728b)  -> (artifact id: '3a69da9ce3992212c5e40a9524dac676') in 0.062945 seconds 
  Import took 0.068472 seconds .

========================================================================
Received Import Request.
  Time since last request: 0.000240 seconds.
  path: Assets/Cars/Prefabs/Cars/PickUp1.prefab
  artifactKey: Guid(0ed50dde8db5be741a767aa2b957046d) Importer(815301076,1909f56bfc062723c751e8b465ee728b)
Start importing Assets/Cars/Prefabs/Cars/PickUp1.prefab using Guid(0ed50dde8db5be741a767aa2b957046d) Importer(815301076,1909f56bfc062723c751e8b465ee728b)  -> (artifact id: 'd3a7090c39bea2dbc02c9f8091da3146') in 0.059701 seconds 
  Import took 0.071206 seconds .

========================================================================
Received Import Request.
  Time since last request: 0.000261 seconds.
  path: Assets/Cars/Prefabs/Cars/Car3_Police.prefab
  artifactKey: Guid(e372d664b0cb5ef4db121886f54cf441) Importer(815301076,1909f56bfc062723c751e8b465ee728b)
Start importing Assets/Cars/Prefabs/Cars/Car3_Police.prefab using Guid(e372d664b0cb5ef4db121886f54cf441) Importer(815301076,1909f56bfc062723c751e8b465ee728b)  -> (artifact id: '85b4c9419a52cfd6511ebf5cb8765704') in 0.038696 seconds 
  Import took 0.042909 seconds .

========================================================================
Received Import Request.
  Time since last request: 0.000226 seconds.
  path: Assets/Cars/Prefabs/Cars/Car3.prefab
  artifactKey: Guid(fc90d3fa10c18fa41aa65b843f8f0d24) Importer(815301076,1909f56bfc062723c751e8b465ee728b)
Start importing Assets/Cars/Prefabs/Cars/Car3.prefab using Guid(fc90d3fa10c18fa41aa65b843f8f0d24) Importer(815301076,1909f56bfc062723c751e8b465ee728b)  -> (artifact id: '2afb5961517c7b2baebc440ce863acab') in 0.046062 seconds 
  Import took 0.050616 seconds .

========================================================================
Received Import Request.
  Time since last request: 116.792002 seconds.
  path: ProjectSettings/TagManager.asset
  artifactKey: Guid(00000000000000003000000000000000) Importer(815301076,1909f56bfc062723c751e8b465ee728b)
Start importing ProjectSettings/TagManager.asset using Guid(00000000000000003000000000000000) Importer(815301076,1909f56bfc062723c751e8b465ee728b)  -> (artifact id: '6ec1b8783abf395bd931a4089d331551') in 0.006123 seconds 
  Import took 0.010943 seconds .

AssetImportWorkerClient::OnTransportError - code=2 error=End of file
